  C:\Workspace\ConsoleEngine_20250224\Engine\Core.h
  C:\Workspace\ConsoleEngine_20250224\Engine\RTTI.h
  C:\Workspace\ConsoleEngine_20250224\Engine\Actor\Actor.h
  C:\Workspace\ConsoleEngine_20250224\Engine\Actor\DrawableActor.h
  C:\Workspace\ConsoleEngine_20250224\Engine\Container\List.h
  C:\Workspace\ConsoleEngine_20250224\Engine\Engine\Engine.h
  C:\Workspace\ConsoleEngine_20250224\Engine\Engine\Timer.h
  C:\Workspace\ConsoleEngine_20250224\Engine\Level\Level.h
  C:\Workspace\ConsoleEngine_20250224\Engine\Math\Vector2.h
  C:\Workspace\ConsoleEngine_20250224\Engine\Math\Vector2d.h
  C:\Workspace\ConsoleEngine_20250224\Engine\PreCompiledHeader\PreCompiledHeader.h
  C:\Workspace\ConsoleEngine_20250224\Engine\Render\Renderer.h
  C:\Workspace\ConsoleEngine_20250224\Engine\Render\ScreenBuffer.h
  13개 파일이 복사되었습니다.
  Renderer.cpp
C:\Workspace\ConsoleEngine_20250224\Engine\Render\Renderer.h(34,32): warning C4251: 'Renderer::grid': class 'std::vector<std::vector<int,std::allocator<int>>,std::allocator<std::vector<int,std::allocator<int>>>>'에서는 class 'Renderer'의 클라이언트에서 DLL 인터페이스를 사용하도록 지정해야 합니다.
  (소스 파일 '/Render/Renderer.cpp'을(를) 컴파일하는 중)
      C:\Workspace\ConsoleEngine_20250224\Engine\Render\Renderer.h(11,16):
      'std::vector<std::vector<int,std::allocator<int>>,std::allocator<std::vector<int,std::allocator<int>>>>' 선언을 참조하십시오.
  
C:\Workspace\ConsoleEngine_20250224\Engine\Render\Renderer.cpp(131,18): warning C4244: '초기화 중': 'double'에서 'int'(으)로 변환하면서 데이터가 손실될 수 있습니다.
  (소스 파일 '/Render/Renderer.cpp'을(를) 컴파일하는 중)
  
C:\Workspace\ConsoleEngine_20250224\Engine\Render\Renderer.cpp(132,16): warning C4244: '초기화 중': 'double'에서 'int'(으)로 변환하면서 데이터가 손실될 수 있습니다.
  (소스 파일 '/Render/Renderer.cpp'을(를) 컴파일하는 중)
  
C:\Workspace\ConsoleEngine_20250224\Engine\Render\Renderer.cpp(178,16): warning C4267: '초기화 중': 'size_t'에서 'int'(으)로 변환하면서 데이터가 손실될 수 있습니다.
  (소스 파일 '/Render/Renderer.cpp'을(를) 컴파일하는 중)
  
C:\Workspace\ConsoleEngine_20250224\Engine\Render\Renderer.cpp(179,17): warning C4267: '초기화 중': 'size_t'에서 'int'(으)로 변환하면서 데이터가 손실될 수 있습니다.
  (소스 파일 '/Render/Renderer.cpp'을(를) 컴파일하는 중)
  
  Engine.vcxproj -> C:\Workspace\ConsoleEngine_20250224\Bin\x64\Debug\Engine\Engine.dll
  C:\Workspace\ConsoleEngine_20250224\Bin\x64\Debug\Engine\Engine.dll
  1개 파일이 복사되었습니다.
  C:\Workspace\ConsoleEngine_20250224\Bin\x64\Debug\Engine\Engine.lib
  1개 파일이 복사되었습니다.
