c:\workspace\consoleengine_20250224\intermediate\x64\debug\clickdemo\vc143.pdb
c:\workspace\consoleengine_20250224\intermediate\x64\debug\clickdemo\vc143.idb
c:\workspace\consoleengine_20250224\intermediate\x64\debug\clickdemo\monster.obj
c:\workspace\consoleengine_20250224\intermediate\x64\debug\clickdemo\titlelevel.obj
c:\workspace\consoleengine_20250224\intermediate\x64\debug\clickdemo\menulevel.obj
c:\workspace\consoleengine_20250224\intermediate\x64\debug\clickdemo\main.obj
c:\workspace\consoleengine_20250224\intermediate\x64\debug\clickdemo\demolevel.obj
c:\workspace\consoleengine_20250224\intermediate\x64\debug\clickdemo\game.obj
c:\workspace\consoleengine_20250224\intermediate\x64\debug\clickdemo\gamelevel.obj
c:\workspace\consoleengine_20250224\intermediate\x64\debug\clickdemo\astar.obj
c:\workspace\consoleengine_20250224\intermediate\x64\debug\clickdemo\start.obj
c:\workspace\consoleengine_20250224\intermediate\x64\debug\clickdemo\player.obj
c:\workspace\consoleengine_20250224\intermediate\x64\debug\clickdemo\camera.obj
c:\workspace\consoleengine_20250224\bin\x64\debug\clickdemo\clickdemo.exe
c:\workspace\consoleengine_20250224\bin\x64\debug\clickdemo\clickdemo.pdb
c:\workspace\consoleengine_20250224\intermediate\x64\debug\clickdemo\clickdemo.ilk
c:\workspace\consoleengine_20250224\intermediate\x64\debug\clickdemo\clickdemo.vcxproj.filelistabsolute.txt
c:\workspace\consoleengine_20250224\intermediate\x64\debug\clickdemo\clickdemo.tlog\cl.command.1.tlog
c:\workspace\consoleengine_20250224\intermediate\x64\debug\clickdemo\clickdemo.tlog\cl.items.tlog
c:\workspace\consoleengine_20250224\intermediate\x64\debug\clickdemo\clickdemo.tlog\cl.read.1.tlog
c:\workspace\consoleengine_20250224\intermediate\x64\debug\clickdemo\clickdemo.tlog\cl.write.1.tlog
c:\workspace\consoleengine_20250224\intermediate\x64\debug\clickdemo\clickdemo.tlog\link.command.1.tlog
c:\workspace\consoleengine_20250224\intermediate\x64\debug\clickdemo\clickdemo.tlog\link.read.1.tlog
c:\workspace\consoleengine_20250224\intermediate\x64\debug\clickdemo\clickdemo.tlog\link.secondary.1.tlog
c:\workspace\consoleengine_20250224\intermediate\x64\debug\clickdemo\clickdemo.tlog\link.write.1.tlog
